<?xml version="1.0" encoding="UTF-8"?>
<!-- Generated by org.testng.reporters.JUnitXMLReporter -->
<testsuite ignored="0" hostname="Mladen" failures="0" tests="6" name="Login Tests" time="12.76" errors="0" timestamp="2025-08-19T18:40:11 CEST">
  <testcase classname="Tests.LoginTest" name="verifyErrorMessageClearingOnlyPasswordField" time="0.893"/>
  <testcase classname="Tests.LoginTest" name="verifyErrorMessageClearingOnlyPasswordField" time="1.026"/>
  <testcase classname="Tests.LoginTest" name="verifyErrorMessageClearingUsernameAndPasswordField" time="0.53"/>
  <testcase classname="Tests.LoginTest" name="verifySuccessfulLogin" time="0.69"/>
  <testcase classname="Tests.LoginTest" name="verifyErrorMessageClearingUsernameAndPasswordField" time="0.983"/>
  <testcase classname="Tests.LoginTest" name="verifySuccessfulLogin" time="0.337"/>
</testsuite> <!-- Login Tests -->
