<?xml version="1.0" encoding="UTF-8"?>
<!-- Generated by org.testng.reporters.JUnitXMLReporter -->
<testsuite ignored="0" hostname="Mladen" failures="0" tests="6" name="Login Tests" time="10.369" errors="0" timestamp="2025-08-22T18:50:31 CEST">
  <testcase classname="Tests.LoginTest" name="verifyErrorMessageClearingOnlyPasswordField" time="0.925"/>
  <testcase classname="Tests.LoginTest" name="verifyErrorMessageClearingOnlyPasswordField" time="0.84"/>
  <testcase classname="Tests.LoginTest" name="verifyErrorMessageClearingUsernameAndPasswordField" time="0.827"/>
  <testcase classname="Tests.LoginTest" name="verifyErrorMessageClearingUsernameAndPasswordField" time="0.914"/>
  <testcase classname="Tests.LoginTest" name="verifySuccessfulLogin" time="0.88"/>
  <testcase classname="Tests.LoginTest" name="verifySuccessfulLogin" time="0.672"/>
</testsuite> <!-- Login Tests -->
