<?xml version="1.0" encoding="UTF-8"?>
<testsuite xmlns:xsi="http://www.w3.org/2001/XMLSchema-instance" xsi:noNamespaceSchemaLocation="https://maven.apache.org/surefire/maven-surefire-plugin/xsd/surefire-test-report-3.0.xsd" version="3.0" name="TestSuite" time="10.706" tests="6" errors="0" skipped="0" failures="0">
  <properties>
[...]
</properties>
  <testcase name="verifyErrorMessageClearingOnlyPasswordField[RandomUser, RandomPass](1)" classname="Tests.LoginTest" time="0.925">
    <system-err><![CDATA[[TestNG-test-Login Tests-2] INFO Utils.LoggerUtils - Initializing browser: chrome | mode: headless
[TestNG-test-Login Tests-1] INFO Utils.LoggerUtils - Initializing browser: firefox | mode: headless
[TestNG-test-Login Tests-2] INFO io.github.bonigarcia.wdm.WebDriverManager - Using chromedriver 139.0.7258.138 (resolved driver for Chrome 139)
[TestNG-test-Login Tests-1] INFO io.github.bonigarcia.wdm.WebDriverManager - Using geckodriver 0.36.0 (resolved driver for Firefox 142)
[TestNG-test-Login Tests-2] INFO io.github.bonigarcia.wdm.WebDriverManager - Exporting webdriver.chrome.driver as C:\Users\kosti\.cache\selenium\chromedriver\win64\139.0.7258.138\chromedriver.exe
[TestNG-test-Login Tests-1] INFO io.github.bonigarcia.wdm.WebDriverManager - Exporting webdriver.gecko.driver as C:\Users\kosti\.cache\selenium\geckodriver\win64\0.36.0\geckodriver.exe
Aug 22, 2025 6:50:22 PM org.openqa.selenium.devtools.CdpVersionFinder findNearestMatch
WARNING: Unable to find an exact match for CDP version 139, returning the closest version; found: 137; Please update to a Selenium version that supports CDP version 139
[TestNG-test-Login Tests-2] INFO Utils.LoggerUtils - Navigating to base URL: https://www.saucedemo.com/
[TestNG-test-Login Tests-2] INFO Utils.LoggerUtils - Opening URL: https://www.saucedemo.com/
[TestNG-test-Login Tests-2] INFO Utils.LoggerUtils - UC-2: Missing password -> expect 'Password is required'
[TestNG-test-Login Tests-1] INFO Utils.LoggerUtils - Navigating to base URL: https://www.saucedemo.com/
[TestNG-test-Login Tests-1] INFO Utils.LoggerUtils - Opening URL: https://www.saucedemo.com/
]]></system-err>
  </testcase>
  <testcase name="verifyErrorMessageClearingOnlyPasswordField[RandomUser, RandomPass](1)" classname="Tests.LoginTest" time="0.82">
    <system-err><![CDATA[[TestNG-test-Login Tests-2] INFO Utils.LoggerUtils - Closing browser session.
[TestNG-test-Login Tests-2] INFO Utils.LoggerUtils - Initializing browser: firefox | mode: headless
[TestNG-test-Login Tests-2] INFO io.github.bonigarcia.wdm.WebDriverManager - Using geckodriver 0.36.0 (resolved driver for Firefox 142)
[TestNG-test-Login Tests-1] INFO Utils.LoggerUtils - UC-2: Missing password -> expect 'Password is required'
[TestNG-test-Login Tests-2] INFO io.github.bonigarcia.wdm.WebDriverManager - Exporting webdriver.gecko.driver as C:\Users\kosti\.cache\selenium\geckodriver\win64\0.36.0\geckodriver.exe
]]></system-err>
  </testcase>
  <testcase name="verifyErrorMessageClearingUsernameAndPasswordField[RandomUser, RandomPass](1)" classname="Tests.LoginTest" time="0.67">
    <system-err><![CDATA[[TestNG-test-Login Tests-1] INFO Utils.LoggerUtils - Closing browser session.
[TestNG-test-Login Tests-1] INFO Utils.LoggerUtils - Initializing browser: chrome | mode: headless
[TestNG-test-Login Tests-1] INFO io.github.bonigarcia.wdm.WebDriverManager - Using chromedriver 139.0.7258.138 (resolved driver for Chrome 139)
[TestNG-test-Login Tests-1] INFO io.github.bonigarcia.wdm.WebDriverManager - Exporting webdriver.chrome.driver as C:\Users\kosti\.cache\selenium\chromedriver\win64\139.0.7258.138\chromedriver.exe
[TestNG-test-Login Tests-2] INFO Utils.LoggerUtils - Navigating to base URL: https://www.saucedemo.com/
[TestNG-test-Login Tests-2] INFO Utils.LoggerUtils - Opening URL: https://www.saucedemo.com/
Aug 22, 2025 6:50:26 PM org.openqa.selenium.devtools.CdpVersionFinder findNearestMatch
WARNING: Unable to find an exact match for CDP version 139, returning the closest version; found: 137; Please update to a Selenium version that supports CDP version 139
[TestNG-test-Login Tests-1] INFO Utils.LoggerUtils - Navigating to base URL: https://www.saucedemo.com/
[TestNG-test-Login Tests-1] INFO Utils.LoggerUtils - Opening URL: https://www.saucedemo.com/
[TestNG-test-Login Tests-2] INFO Utils.LoggerUtils - UC-1: Empty credentials -> expect 'Username is required'
[TestNG-test-Login Tests-1] INFO Utils.LoggerUtils - UC-1: Empty credentials -> expect 'Username is required'
]]></system-err>
  </testcase>
  <testcase name="verifyErrorMessageClearingUsernameAndPasswordField[RandomUser, RandomPass](1)" classname="Tests.LoginTest" time="0.915">
    <system-err><![CDATA[[TestNG-test-Login Tests-2] INFO Utils.LoggerUtils - Closing browser session.
]]></system-err>
  </testcase>
  <testcase name="verifySuccessfulLogin[standard_user, secret_sauce](1)" classname="Tests.LoginTest" time="0.413">
    <system-err><![CDATA[[TestNG-test-Login Tests-1] INFO Utils.LoggerUtils - Closing browser session.
[TestNG-test-Login Tests-1] INFO Utils.LoggerUtils - Initializing browser: firefox | mode: headless
[TestNG-test-Login Tests-1] INFO io.github.bonigarcia.wdm.WebDriverManager - Using geckodriver 0.36.0 (resolved driver for Firefox 142)
[TestNG-test-Login Tests-1] INFO io.github.bonigarcia.wdm.WebDriverManager - Exporting webdriver.gecko.driver as C:\Users\kosti\.cache\selenium\geckodriver\win64\0.36.0\geckodriver.exe
[TestNG-test-Login Tests-2] INFO Utils.LoggerUtils - Initializing browser: chrome | mode: headless
[TestNG-test-Login Tests-2] INFO io.github.bonigarcia.wdm.WebDriverManager - Using chromedriver 139.0.7258.138 (resolved driver for Chrome 139)
[TestNG-test-Login Tests-2] INFO io.github.bonigarcia.wdm.WebDriverManager - Exporting webdriver.chrome.driver as C:\Users\kosti\.cache\selenium\chromedriver\win64\139.0.7258.138\chromedriver.exe
Aug 22, 2025 6:50:29 PM org.openqa.selenium.devtools.CdpVersionFinder findNearestMatch
WARNING: Unable to find an exact match for CDP version 139, returning the closest version; found: 137; Please update to a Selenium version that supports CDP version 139
[TestNG-test-Login Tests-2] INFO Utils.LoggerUtils - Navigating to base URL: https://www.saucedemo.com/
[TestNG-test-Login Tests-2] INFO Utils.LoggerUtils - Opening URL: https://www.saucedemo.com/
[TestNG-test-Login Tests-2] INFO Utils.LoggerUtils - UC-3: Valid login -> expect 'Swag Labs' header
[TestNG-test-Login Tests-1] INFO Utils.LoggerUtils - Navigating to base URL: https://www.saucedemo.com/
[TestNG-test-Login Tests-1] INFO Utils.LoggerUtils - Opening URL: https://www.saucedemo.com/
[TestNG-test-Login Tests-1] INFO Utils.LoggerUtils - UC-3: Valid login -> expect 'Swag Labs' header
[TestNG-test-Login Tests-2] INFO Utils.LoggerUtils - Login Successful
]]></system-err>
  </testcase>
  <testcase name="verifySuccessfulLogin[standard_user, secret_sauce](1)" classname="Tests.LoginTest" time="0.672">
    <system-err><![CDATA[[TestNG-test-Login Tests-2] INFO Utils.LoggerUtils - Closing browser session.
[TestNG-test-Login Tests-1] INFO Utils.LoggerUtils - Login Successful
]]></system-err>
  </testcase>
</testsuite>