<?xml version="1.0" encoding="UTF-8"?>
<testng-results ignored="0" total="6" passed="6" failed="0" skipped="0">
  <reporter-output>
  </reporter-output>
  <suite started-at="2025-08-19T18:39:58 CEST" name="SauceDemo Login Suite" finished-at="2025-08-19T18:40:11 CEST" duration-ms="12760">
    <groups>
    </groups>
    <test started-at="2025-08-19T18:39:58 CEST" name="Login Tests" finished-at="2025-08-19T18:40:11 CEST" duration-ms="12760">
      <class name="Tests.LoginTest">
        <test-method is-config="true" signature="ensureDriverReady(java.lang.String,java.lang.String)[pri:0, instance:Tests.LoginTest@4fb61f4a, instance params:[]]" started-at="2025-08-19T18:39:58 CEST" name="ensureDriverReady" finished-at="2025-08-19T18:40:03 CEST" duration-ms="4494" status="PASS">
          <params>
            <param index="0">
              <value>
                <![CDATA[chrome]]>
              </value>
            </param>
            <param index="1">
              <value>
                <![CDATA[true]]>
              </value>
            </param>
          </params>
          <reporter-output>
          </reporter-output>
        </test-method> <!-- ensureDriverReady -->
        <test-method is-config="true" signature="ensureDriverReady(java.lang.String,java.lang.String)[pri:0, instance:Tests.LoginTest@3e58a80e, instance params:[]]" started-at="2025-08-19T18:39:58 CEST" name="ensureDriverReady" finished-at="2025-08-19T18:40:01 CEST" duration-ms="2515" status="PASS">
          <params>
            <param index="0">
              <value>
                <![CDATA[chrome]]>
              </value>
            </param>
            <param index="1">
              <value>
                <![CDATA[true]]>
              </value>
            </param>
          </params>
          <reporter-output>
          </reporter-output>
        </test-method> <!-- ensureDriverReady -->
        <test-method signature="verifyErrorMessageClearingOnlyPasswordField(java.lang.String,java.lang.String)[pri:0, instance:Tests.LoginTest@3e58a80e, instance params:[]]" started-at="2025-08-19T18:40:01 CEST" name="verifyErrorMessageClearingOnlyPasswordField" data-provider="loginRandomCredentials" finished-at="2025-08-19T18:40:02 CEST" duration-ms="893" status="PASS">
          <params>
            <param index="0">
              <value>
                <![CDATA[RandomUser]]>
              </value>
            </param>
            <param index="1">
              <value>
                <![CDATA[RandomPass]]>
              </value>
            </param>
          </params>
          <reporter-output>
          </reporter-output>
        </test-method> <!-- verifyErrorMessageClearingOnlyPasswordField -->
        <test-method is-config="true" signature="tearDown()[pri:0, instance:Tests.LoginTest@3e58a80e, instance params:[]]" started-at="2025-08-19T18:40:02 CEST" name="tearDown" finished-at="2025-08-19T18:40:02 CEST" duration-ms="170" status="PASS">
          <reporter-output>
          </reporter-output>
        </test-method> <!-- tearDown -->
        <test-method is-config="true" signature="ensureDriverReady(java.lang.String,java.lang.String)[pri:0, instance:Tests.LoginTest@3e58a80e, instance params:[]]" started-at="2025-08-19T18:40:02 CEST" name="ensureDriverReady" finished-at="2025-08-19T18:40:04 CEST" duration-ms="1690" status="PASS">
          <params>
            <param index="0">
              <value>
                <![CDATA[chrome]]>
              </value>
            </param>
            <param index="1">
              <value>
                <![CDATA[true]]>
              </value>
            </param>
          </params>
          <reporter-output>
          </reporter-output>
        </test-method> <!-- ensureDriverReady -->
        <test-method signature="verifyErrorMessageClearingOnlyPasswordField(java.lang.String,java.lang.String)[pri:0, instance:Tests.LoginTest@4fb61f4a, instance params:[]]" started-at="2025-08-19T18:40:03 CEST" name="verifyErrorMessageClearingOnlyPasswordField" data-provider="loginRandomCredentials" finished-at="2025-08-19T18:40:04 CEST" duration-ms="1026" status="PASS">
          <params>
            <param index="0">
              <value>
                <![CDATA[RandomUser]]>
              </value>
            </param>
            <param index="1">
              <value>
                <![CDATA[RandomPass]]>
              </value>
            </param>
          </params>
          <reporter-output>
          </reporter-output>
        </test-method> <!-- verifyErrorMessageClearingOnlyPasswordField -->
        <test-method signature="verifyErrorMessageClearingUsernameAndPasswordField(java.lang.String,java.lang.String)[pri:0, instance:Tests.LoginTest@3e58a80e, instance params:[]]" started-at="2025-08-19T18:40:04 CEST" name="verifyErrorMessageClearingUsernameAndPasswordField" data-provider="loginRandomCredentials" finished-at="2025-08-19T18:40:04 CEST" duration-ms="530" status="PASS">
          <params>
            <param index="0">
              <value>
                <![CDATA[RandomUser]]>
              </value>
            </param>
            <param index="1">
              <value>
                <![CDATA[RandomPass]]>
              </value>
            </param>
          </params>
          <reporter-output>
          </reporter-output>
        </test-method> <!-- verifyErrorMessageClearingUsernameAndPasswordField -->
        <test-method is-config="true" signature="tearDown()[pri:0, instance:Tests.LoginTest@4fb61f4a, instance params:[]]" started-at="2025-08-19T18:40:04 CEST" name="tearDown" finished-at="2025-08-19T18:40:05 CEST" duration-ms="813" status="PASS">
          <reporter-output>
          </reporter-output>
        </test-method> <!-- tearDown -->
        <test-method is-config="true" signature="tearDown()[pri:0, instance:Tests.LoginTest@3e58a80e, instance params:[]]" started-at="2025-08-19T18:40:04 CEST" name="tearDown" finished-at="2025-08-19T18:40:04 CEST" duration-ms="108" status="PASS">
          <reporter-output>
          </reporter-output>
        </test-method> <!-- tearDown -->
        <test-method is-config="true" signature="ensureDriverReady(java.lang.String,java.lang.String)[pri:0, instance:Tests.LoginTest@4fb61f4a, instance params:[]]" started-at="2025-08-19T18:40:04 CEST" name="ensureDriverReady" finished-at="2025-08-19T18:40:07 CEST" duration-ms="2908" status="PASS">
          <params>
            <param index="0">
              <value>
                <![CDATA[chrome]]>
              </value>
            </param>
            <param index="1">
              <value>
                <![CDATA[true]]>
              </value>
            </param>
          </params>
          <reporter-output>
          </reporter-output>
        </test-method> <!-- ensureDriverReady -->
        <test-method is-config="true" signature="ensureDriverReady(java.lang.String,java.lang.String)[pri:0, instance:Tests.LoginTest@3e58a80e, instance params:[]]" started-at="2025-08-19T18:40:05 CEST" name="ensureDriverReady" finished-at="2025-08-19T18:40:06 CEST" duration-ms="1343" status="PASS">
          <params>
            <param index="0">
              <value>
                <![CDATA[chrome]]>
              </value>
            </param>
            <param index="1">
              <value>
                <![CDATA[true]]>
              </value>
            </param>
          </params>
          <reporter-output>
          </reporter-output>
        </test-method> <!-- ensureDriverReady -->
        <test-method signature="verifySuccessfulLogin(java.lang.String,java.lang.String)[pri:0, instance:Tests.LoginTest@3e58a80e, instance params:[]]" started-at="2025-08-19T18:40:06 CEST" name="verifySuccessfulLogin" data-provider="loginValidCredentials" finished-at="2025-08-19T18:40:07 CEST" duration-ms="690" status="PASS">
          <params>
            <param index="0">
              <value>
                <![CDATA[standard_user]]>
              </value>
            </param>
            <param index="1">
              <value>
                <![CDATA[secret_sauce]]>
              </value>
            </param>
          </params>
          <reporter-output>
          </reporter-output>
        </test-method> <!-- verifySuccessfulLogin -->
        <test-method is-config="true" signature="tearDown()[pri:0, instance:Tests.LoginTest@3e58a80e, instance params:[]]" started-at="2025-08-19T18:40:07 CEST" name="tearDown" finished-at="2025-08-19T18:40:07 CEST" duration-ms="166" status="PASS">
          <reporter-output>
          </reporter-output>
        </test-method> <!-- tearDown -->
        <test-method is-config="true" signature="ensureDriverReady(java.lang.String,java.lang.String)[pri:0, instance:Tests.LoginTest@4fb61f4a, instance params:[]]" started-at="2025-08-19T18:40:07 CEST" name="ensureDriverReady" finished-at="2025-08-19T18:40:10 CEST" duration-ms="3010" status="PASS">
          <params>
            <param index="0">
              <value>
                <![CDATA[chrome]]>
              </value>
            </param>
            <param index="1">
              <value>
                <![CDATA[true]]>
              </value>
            </param>
          </params>
          <reporter-output>
          </reporter-output>
        </test-method> <!-- ensureDriverReady -->
        <test-method signature="verifyErrorMessageClearingUsernameAndPasswordField(java.lang.String,java.lang.String)[pri:0, instance:Tests.LoginTest@4fb61f4a, instance params:[]]" started-at="2025-08-19T18:40:07 CEST" name="verifyErrorMessageClearingUsernameAndPasswordField" data-provider="loginRandomCredentials" finished-at="2025-08-19T18:40:08 CEST" duration-ms="983" status="PASS">
          <params>
            <param index="0">
              <value>
                <![CDATA[RandomUser]]>
              </value>
            </param>
            <param index="1">
              <value>
                <![CDATA[RandomPass]]>
              </value>
            </param>
          </params>
          <reporter-output>
          </reporter-output>
        </test-method> <!-- verifyErrorMessageClearingUsernameAndPasswordField -->
        <test-method is-config="true" signature="tearDown()[pri:0, instance:Tests.LoginTest@4fb61f4a, instance params:[]]" started-at="2025-08-19T18:40:08 CEST" name="tearDown" finished-at="2025-08-19T18:40:09 CEST" duration-ms="920" status="PASS">
          <reporter-output>
          </reporter-output>
        </test-method> <!-- tearDown -->
        <test-method signature="verifySuccessfulLogin(java.lang.String,java.lang.String)[pri:0, instance:Tests.LoginTest@4fb61f4a, instance params:[]]" started-at="2025-08-19T18:40:10 CEST" name="verifySuccessfulLogin" data-provider="loginValidCredentials" finished-at="2025-08-19T18:40:10 CEST" duration-ms="337" status="PASS">
          <params>
            <param index="0">
              <value>
                <![CDATA[standard_user]]>
              </value>
            </param>
            <param index="1">
              <value>
                <![CDATA[secret_sauce]]>
              </value>
            </param>
          </params>
          <reporter-output>
          </reporter-output>
        </test-method> <!-- verifySuccessfulLogin -->
        <test-method is-config="true" signature="tearDown()[pri:0, instance:Tests.LoginTest@4fb61f4a, instance params:[]]" started-at="2025-08-19T18:40:10 CEST" name="tearDown" finished-at="2025-08-19T18:40:11 CEST" duration-ms="831" status="PASS">
          <reporter-output>
          </reporter-output>
        </test-method> <!-- tearDown -->
      </class> <!-- Tests.LoginTest -->
    </test> <!-- Login Tests -->
  </suite> <!-- SauceDemo Login Suite -->
</testng-results>
