<?xml version="1.0" encoding="UTF-8"?>
<testng-results ignored="0" total="6" passed="6" failed="0" skipped="0">
  <reporter-output>
  </reporter-output>
  <suite started-at="2025-08-22T18:50:21 CEST" name="SauceDemo Login Suite" finished-at="2025-08-22T18:50:31 CEST" duration-ms="10369">
    <groups>
    </groups>
    <test started-at="2025-08-22T18:50:21 CEST" name="Login Tests" finished-at="2025-08-22T18:50:31 CEST" duration-ms="10369">
      <class name="Tests.LoginTest">
        <test-method is-config="true" signature="ensureDriverReady(java.lang.String,java.lang.String)[pri:0, instance:Tests.LoginTest@6b927fb, instance params:[]]" started-at="2025-08-22T18:50:21 CEST" name="ensureDriverReady" finished-at="2025-08-22T18:50:24 CEST" duration-ms="2737" status="PASS">
          <params>
            <param index="0">
              <value>
                <![CDATA[chrome]]>
              </value>
            </param>
            <param index="1">
              <value>
                <![CDATA[true]]>
              </value>
            </param>
          </params>
          <reporter-output>
          </reporter-output>
        </test-method> <!-- ensureDriverReady -->
        <test-method is-config="true" signature="ensureDriverReady(java.lang.String,java.lang.String)[pri:0, instance:Tests.LoginTest@a514af7, instance params:[]]" started-at="2025-08-22T18:50:21 CEST" name="ensureDriverReady" finished-at="2025-08-22T18:50:23 CEST" duration-ms="1653" status="PASS">
          <params>
            <param index="0">
              <value>
                <![CDATA[chrome]]>
              </value>
            </param>
            <param index="1">
              <value>
                <![CDATA[true]]>
              </value>
            </param>
          </params>
          <reporter-output>
          </reporter-output>
        </test-method> <!-- ensureDriverReady -->
        <test-method signature="verifyErrorMessageClearingOnlyPasswordField(java.lang.String,java.lang.String)[pri:0, instance:Tests.LoginTest@a514af7, instance params:[]]" started-at="2025-08-22T18:50:23 CEST" name="verifyErrorMessageClearingOnlyPasswordField" data-provider="loginRandomCredentials" finished-at="2025-08-22T18:50:24 CEST" duration-ms="925" status="PASS">
          <params>
            <param index="0">
              <value>
                <![CDATA[RandomUser]]>
              </value>
            </param>
            <param index="1">
              <value>
                <![CDATA[RandomPass]]>
              </value>
            </param>
          </params>
          <reporter-output>
          </reporter-output>
        </test-method> <!-- verifyErrorMessageClearingOnlyPasswordField -->
        <test-method is-config="true" signature="tearDown()[pri:0, instance:Tests.LoginTest@a514af7, instance params:[]]" started-at="2025-08-22T18:50:24 CEST" name="tearDown" finished-at="2025-08-22T18:50:24 CEST" duration-ms="126" status="PASS">
          <reporter-output>
          </reporter-output>
        </test-method> <!-- tearDown -->
        <test-method is-config="true" signature="ensureDriverReady(java.lang.String,java.lang.String)[pri:0, instance:Tests.LoginTest@6b927fb, instance params:[]]" started-at="2025-08-22T18:50:24 CEST" name="ensureDriverReady" finished-at="2025-08-22T18:50:27 CEST" duration-ms="2779" status="PASS">
          <params>
            <param index="0">
              <value>
                <![CDATA[chrome]]>
              </value>
            </param>
            <param index="1">
              <value>
                <![CDATA[true]]>
              </value>
            </param>
          </params>
          <reporter-output>
          </reporter-output>
        </test-method> <!-- ensureDriverReady -->
        <test-method signature="verifyErrorMessageClearingOnlyPasswordField(java.lang.String,java.lang.String)[pri:0, instance:Tests.LoginTest@6b927fb, instance params:[]]" started-at="2025-08-22T18:50:24 CEST" name="verifyErrorMessageClearingOnlyPasswordField" data-provider="loginRandomCredentials" finished-at="2025-08-22T18:50:25 CEST" duration-ms="840" status="PASS">
          <params>
            <param index="0">
              <value>
                <![CDATA[RandomUser]]>
              </value>
            </param>
            <param index="1">
              <value>
                <![CDATA[RandomPass]]>
              </value>
            </param>
          </params>
          <reporter-output>
          </reporter-output>
        </test-method> <!-- verifyErrorMessageClearingOnlyPasswordField -->
        <test-method is-config="true" signature="tearDown()[pri:0, instance:Tests.LoginTest@6b927fb, instance params:[]]" started-at="2025-08-22T18:50:25 CEST" name="tearDown" finished-at="2025-08-22T18:50:26 CEST" duration-ms="906" status="PASS">
          <reporter-output>
          </reporter-output>
        </test-method> <!-- tearDown -->
        <test-method is-config="true" signature="ensureDriverReady(java.lang.String,java.lang.String)[pri:0, instance:Tests.LoginTest@a514af7, instance params:[]]" started-at="2025-08-22T18:50:26 CEST" name="ensureDriverReady" finished-at="2025-08-22T18:50:27 CEST" duration-ms="1163" status="PASS">
          <params>
            <param index="0">
              <value>
                <![CDATA[chrome]]>
              </value>
            </param>
            <param index="1">
              <value>
                <![CDATA[true]]>
              </value>
            </param>
          </params>
          <reporter-output>
          </reporter-output>
        </test-method> <!-- ensureDriverReady -->
        <test-method signature="verifyErrorMessageClearingUsernameAndPasswordField(java.lang.String,java.lang.String)[pri:0, instance:Tests.LoginTest@6b927fb, instance params:[]]" started-at="2025-08-22T18:50:27 CEST" name="verifyErrorMessageClearingUsernameAndPasswordField" data-provider="loginRandomCredentials" finished-at="2025-08-22T18:50:27 CEST" duration-ms="827" status="PASS">
          <params>
            <param index="0">
              <value>
                <![CDATA[RandomUser]]>
              </value>
            </param>
            <param index="1">
              <value>
                <![CDATA[RandomPass]]>
              </value>
            </param>
          </params>
          <reporter-output>
          </reporter-output>
        </test-method> <!-- verifyErrorMessageClearingUsernameAndPasswordField -->
        <test-method signature="verifyErrorMessageClearingUsernameAndPasswordField(java.lang.String,java.lang.String)[pri:0, instance:Tests.LoginTest@a514af7, instance params:[]]" started-at="2025-08-22T18:50:27 CEST" name="verifyErrorMessageClearingUsernameAndPasswordField" data-provider="loginRandomCredentials" finished-at="2025-08-22T18:50:28 CEST" duration-ms="914" status="PASS">
          <params>
            <param index="0">
              <value>
                <![CDATA[RandomUser]]>
              </value>
            </param>
            <param index="1">
              <value>
                <![CDATA[RandomPass]]>
              </value>
            </param>
          </params>
          <reporter-output>
          </reporter-output>
        </test-method> <!-- verifyErrorMessageClearingUsernameAndPasswordField -->
        <test-method is-config="true" signature="tearDown()[pri:0, instance:Tests.LoginTest@6b927fb, instance params:[]]" started-at="2025-08-22T18:50:27 CEST" name="tearDown" finished-at="2025-08-22T18:50:28 CEST" duration-ms="901" status="PASS">
          <reporter-output>
          </reporter-output>
        </test-method> <!-- tearDown -->
        <test-method is-config="true" signature="tearDown()[pri:0, instance:Tests.LoginTest@a514af7, instance params:[]]" started-at="2025-08-22T18:50:28 CEST" name="tearDown" finished-at="2025-08-22T18:50:28 CEST" duration-ms="94" status="PASS">
          <reporter-output>
          </reporter-output>
        </test-method> <!-- tearDown -->
        <test-method is-config="true" signature="ensureDriverReady(java.lang.String,java.lang.String)[pri:0, instance:Tests.LoginTest@6b927fb, instance params:[]]" started-at="2025-08-22T18:50:28 CEST" name="ensureDriverReady" finished-at="2025-08-22T18:50:30 CEST" duration-ms="2198" status="PASS">
          <params>
            <param index="0">
              <value>
                <![CDATA[chrome]]>
              </value>
            </param>
            <param index="1">
              <value>
                <![CDATA[true]]>
              </value>
            </param>
          </params>
          <reporter-output>
          </reporter-output>
        </test-method> <!-- ensureDriverReady -->
        <test-method is-config="true" signature="ensureDriverReady(java.lang.String,java.lang.String)[pri:0, instance:Tests.LoginTest@a514af7, instance params:[]]" started-at="2025-08-22T18:50:28 CEST" name="ensureDriverReady" finished-at="2025-08-22T18:50:29 CEST" duration-ms="1168" status="PASS">
          <params>
            <param index="0">
              <value>
                <![CDATA[chrome]]>
              </value>
            </param>
            <param index="1">
              <value>
                <![CDATA[true]]>
              </value>
            </param>
          </params>
          <reporter-output>
          </reporter-output>
        </test-method> <!-- ensureDriverReady -->
        <test-method signature="verifySuccessfulLogin(java.lang.String,java.lang.String)[pri:0, instance:Tests.LoginTest@a514af7, instance params:[]]" started-at="2025-08-22T18:50:29 CEST" name="verifySuccessfulLogin" data-provider="loginValidCredentials" finished-at="2025-08-22T18:50:30 CEST" duration-ms="880" status="PASS">
          <params>
            <param index="0">
              <value>
                <![CDATA[standard_user]]>
              </value>
            </param>
            <param index="1">
              <value>
                <![CDATA[secret_sauce]]>
              </value>
            </param>
          </params>
          <reporter-output>
          </reporter-output>
        </test-method> <!-- verifySuccessfulLogin -->
        <test-method signature="verifySuccessfulLogin(java.lang.String,java.lang.String)[pri:0, instance:Tests.LoginTest@6b927fb, instance params:[]]" started-at="2025-08-22T18:50:30 CEST" name="verifySuccessfulLogin" data-provider="loginValidCredentials" finished-at="2025-08-22T18:50:31 CEST" duration-ms="672" status="PASS">
          <params>
            <param index="0">
              <value>
                <![CDATA[standard_user]]>
              </value>
            </param>
            <param index="1">
              <value>
                <![CDATA[secret_sauce]]>
              </value>
            </param>
          </params>
          <reporter-output>
          </reporter-output>
        </test-method> <!-- verifySuccessfulLogin -->
        <test-method is-config="true" signature="tearDown()[pri:0, instance:Tests.LoginTest@a514af7, instance params:[]]" started-at="2025-08-22T18:50:30 CEST" name="tearDown" finished-at="2025-08-22T18:50:30 CEST" duration-ms="89" status="PASS">
          <reporter-output>
          </reporter-output>
        </test-method> <!-- tearDown -->
        <test-method is-config="true" signature="tearDown()[pri:0, instance:Tests.LoginTest@6b927fb, instance params:[]]" started-at="2025-08-22T18:50:31 CEST" name="tearDown" finished-at="2025-08-22T18:50:31 CEST" duration-ms="809" status="PASS">
          <reporter-output>
          </reporter-output>
        </test-method> <!-- tearDown -->
      </class> <!-- Tests.LoginTest -->
    </test> <!-- Login Tests -->
  </suite> <!-- SauceDemo Login Suite -->
</testng-results>
